<?xml version="1.0" encoding="UTF-8"?>
<!-- Generated by org.testng.reporters.JUnitReportReporter -->
<testsuite hostname="Dell-Hepsi" failures="0" tests="1" name="Runner.TestRunnerTestNG" time="0.348" errors="0" timestamp="2021-06-23T13:15:12 IST" skipped="0">
  <testcase classname="Runner.TestRunnerTestNG" name="runScenario" time="0.348"/>
  <system-out/>
</testsuite> <!-- Runner.TestRunnerTestNG -->
